<?xml version="1.0" encoding="UTF-8"?><testsuite errors="0" failures="0" name="com.services.servicesinfo.ServicesCURDTestWithsteps" skipped="0" tests="4" time="7.07" timestamp="2022-10-04T17:41:56.836-04:00[America/New_York]"><testcase classname="com.services.servicesinfo.ServicesCURDTestWithsteps" name="This will create a new services"/><testcase classname="com.services.servicesinfo.ServicesCURDTestWithsteps" name="Verify if Services is created"/><testcase classname="com.services.servicesinfo.ServicesCURDTestWithsteps" name="update the services information"/><testcase classname="com.services.servicesinfo.ServicesCURDTestWithsteps" name="Delete services info by servicesid and verify its deleted"/></testsuite>